[2022-06-19T16:44:18.817Z] Log level: Info
[2022-06-19T16:44:18.818Z] [info] Validating found git in: git
[2022-06-19T16:44:18.829Z] [info] Using git 2.36.1 from git
[2022-06-19T16:44:18.844Z] > git rev-parse --show-toplevel [4ms]
[2022-06-19T16:44:18.853Z] > git rev-parse --git-dir --git-common-dir [2ms]
[2022-06-19T16:44:18.857Z] [info] Open repository: /home/thomas/source/LinqTesting
[2022-06-19T16:44:18.923Z] > git status -z -uall [59ms]
[2022-06-19T16:44:18.938Z] > git symbolic-ref --short HEAD [8ms]
[2022-06-19T16:44:18.945Z] > git for-each-ref --format=%(refname)%00%(upstream:short)%00%(objectname)%00%(upstream:track)%00%(upstream:remotename)%00%(upstream:remoteref) refs/heads/main refs/remotes/main [2ms]
[2022-06-19T16:44:18.963Z] > git remote --verbose [10ms]
[2022-06-19T16:44:18.964Z] > git for-each-ref --sort -committerdate --format %(refname) %(objectname) %(*objectname) [15ms]
[2022-06-19T16:44:18.972Z] > git config --get commit.template [1ms]
[2022-06-19T16:44:19.193Z] > git show --textconv :Benchmarks.cs [7ms]
[2022-06-19T16:44:19.195Z] > git ls-files --stage -- /home/thomas/source/LinqTesting/Benchmarks.cs [2ms]
[2022-06-19T16:44:19.203Z] > git cat-file -s f79fe3e431d036cc3f5e47db922a74bb866d5513 [2ms]
[2022-06-19T16:44:19.420Z] > git check-ignore -v -z --stdin [1ms]
[2022-06-19T16:44:23.245Z] > git status -z -uall [5ms]
[2022-06-19T16:44:23.250Z] > git symbolic-ref --short HEAD [1ms]
[2022-06-19T16:44:23.255Z] > git for-each-ref --format=%(refname)%00%(upstream:short)%00%(objectname)%00%(upstream:track)%00%(upstream:remotename)%00%(upstream:remoteref) refs/heads/main refs/remotes/main [1ms]
[2022-06-19T16:44:23.264Z] > git for-each-ref --sort -committerdate --format %(refname) %(objectname) %(*objectname) [5ms]
[2022-06-19T16:44:23.264Z] > git remote --verbose [1ms]
[2022-06-19T16:44:23.273Z] > git config --get commit.template [1ms]
[2022-06-19T16:44:44.903Z] > git show --textconv :If.cs [5ms]
[2022-06-19T16:44:44.904Z] > git ls-files --stage -- /home/thomas/source/LinqTesting/If.cs [2ms]
[2022-06-19T16:44:44.909Z] > git cat-file -s 3c78a7c4637b1f91e18a7de0c7f270f6e6b670db [1ms]
[2022-06-19T16:44:58.108Z] > git show --textconv :Out.cs [4ms]
[2022-06-19T16:44:58.109Z] > git ls-files --stage -- /home/thomas/source/LinqTesting/Out.cs [2ms]
[2022-06-19T16:44:58.390Z] > git check-ignore -v -z --stdin [1ms]
[2022-06-19T16:44:58.926Z] > git status -z -uall [5ms]
[2022-06-19T16:44:58.933Z] > git symbolic-ref --short HEAD [1ms]
[2022-06-19T16:44:58.938Z] > git for-each-ref --format=%(refname)%00%(upstream:short)%00%(objectname)%00%(upstream:track)%00%(upstream:remotename)%00%(upstream:remoteref) refs/heads/main refs/remotes/main [1ms]
[2022-06-19T16:44:58.947Z] > git for-each-ref --sort -committerdate --format %(refname) %(objectname) %(*objectname) [6ms]
[2022-06-19T16:44:58.948Z] > git remote --verbose [4ms]
[2022-06-19T16:44:58.956Z] > git config --get commit.template [2ms]
[2022-06-19T16:44:59.811Z] > git show --textconv :If.cs [5ms]
[2022-06-19T16:44:59.812Z] > git ls-files --stage -- /home/thomas/source/LinqTesting/If.cs [2ms]
[2022-06-19T16:44:59.816Z] > git cat-file -s 3c78a7c4637b1f91e18a7de0c7f270f6e6b670db [1ms]
[2022-06-19T16:45:12.620Z] > git show --textconv :Out.cs [6ms]
[2022-06-19T16:45:12.621Z] > git ls-files --stage -- /home/thomas/source/LinqTesting/Out.cs [2ms]
[2022-06-19T16:45:25.054Z] > git show --textconv :If.cs [8ms]
[2022-06-19T16:45:25.055Z] > git ls-files --stage -- /home/thomas/source/LinqTesting/If.cs [3ms]
[2022-06-19T16:45:25.061Z] > git cat-file -s 3c78a7c4637b1f91e18a7de0c7f270f6e6b670db [1ms]
[2022-06-19T16:45:34.017Z] > git show --textconv :Out.cs [4ms]
[2022-06-19T16:45:34.018Z] > git ls-files --stage -- /home/thomas/source/LinqTesting/Out.cs [1ms]
[2022-06-19T16:48:46.592Z] > git show --textconv :README.md [143ms]
[2022-06-19T16:48:46.593Z] > git ls-files --stage -- /home/thomas/source/LinqTesting/README.md [135ms]
[2022-06-19T16:48:46.601Z] > git cat-file -s 9b79a5fb37fbb9e0b85fdd448384d6991abb3229 [2ms]
[2022-06-19T16:48:48.075Z] > git show --textconv :Program.cs [7ms]
[2022-06-19T16:48:48.076Z] > git ls-files --stage -- /home/thomas/source/LinqTesting/Program.cs [1ms]
[2022-06-19T16:48:48.081Z] > git cat-file -s 04c92e6d25a096c682eb35df00e537437a37f38a [1ms]
[2022-06-19T16:56:07.944Z] > git status -z -uall [6ms]
[2022-06-19T16:56:07.952Z] > git symbolic-ref --short HEAD [1ms]
[2022-06-19T16:56:07.957Z] > git for-each-ref --format=%(refname)%00%(upstream:short)%00%(objectname)%00%(upstream:track)%00%(upstream:remotename)%00%(upstream:remoteref) refs/heads/main refs/remotes/main [1ms]
[2022-06-19T16:56:07.967Z] > git remote --verbose [2ms]
[2022-06-19T16:56:07.967Z] > git for-each-ref --sort -committerdate --format %(refname) %(objectname) %(*objectname) [6ms]
[2022-06-19T16:56:07.976Z] > git config --get commit.template [1ms]
[2022-06-19T16:56:12.991Z] > git status -z -uall [8ms]
[2022-06-19T16:56:12.996Z] > git symbolic-ref --short HEAD [1ms]
[2022-06-19T16:56:13.004Z] > git for-each-ref --format=%(refname)%00%(upstream:short)%00%(objectname)%00%(upstream:track)%00%(upstream:remotename)%00%(upstream:remoteref) refs/heads/main refs/remotes/main [1ms]
[2022-06-19T16:56:13.014Z] > git for-each-ref --sort -committerdate --format %(refname) %(objectname) %(*objectname) [6ms]
[2022-06-19T16:56:13.014Z] > git remote --verbose [1ms]
[2022-06-19T16:56:13.025Z] > git config --get commit.template [2ms]
[2022-06-19T16:56:18.049Z] > git status -z -uall [6ms]
[2022-06-19T16:56:18.055Z] > git symbolic-ref --short HEAD [2ms]
[2022-06-19T16:56:18.062Z] > git for-each-ref --format=%(refname)%00%(upstream:short)%00%(objectname)%00%(upstream:track)%00%(upstream:remotename)%00%(upstream:remoteref) refs/heads/main refs/remotes/main [2ms]
[2022-06-19T16:56:18.074Z] > git for-each-ref --sort -committerdate --format %(refname) %(objectname) %(*objectname) [6ms]
[2022-06-19T16:56:18.074Z] > git remote --verbose [1ms]
[2022-06-19T16:56:18.084Z] > git config --get commit.template [3ms]
[2022-06-23T00:41:52.357Z] > git status -z -uall [9ms]
[2022-06-23T00:41:52.362Z] > git symbolic-ref --short HEAD [1ms]
[2022-06-23T00:41:52.367Z] > git for-each-ref --format=%(refname)%00%(upstream:short)%00%(objectname)%00%(upstream:track)%00%(upstream:remotename)%00%(upstream:remoteref) refs/heads/main refs/remotes/main [1ms]
[2022-06-23T00:41:52.376Z] > git for-each-ref --sort -committerdate --format %(refname) %(objectname) %(*objectname) [5ms]
[2022-06-23T00:41:52.376Z] > git remote --verbose [1ms]
[2022-06-23T00:41:52.382Z] > git config --get commit.template [0ms]
[2022-06-23T00:41:52.417Z] > git ls-files --stage -- /home/thomas/source/LinqTesting/Program.cs [2ms]
[2022-06-23T00:41:52.424Z] > git cat-file -s 08c8a8e5bdfe8e456a9653318229f88a4f9b7249 [1ms]
[2022-06-23T00:41:52.433Z] > git show --textconv :Program.cs [2ms]
[2022-06-23T00:59:11.971Z] > git status -z -uall [7ms]
[2022-06-23T00:59:11.976Z] > git symbolic-ref --short HEAD [1ms]
[2022-06-23T00:59:11.983Z] > git for-each-ref --format=%(refname)%00%(upstream:short)%00%(objectname)%00%(upstream:track)%00%(upstream:remotename)%00%(upstream:remoteref) refs/heads/main refs/remotes/main [1ms]
[2022-06-23T00:59:11.992Z] > git for-each-ref --sort -committerdate --format %(refname) %(objectname) %(*objectname) [5ms]
[2022-06-23T00:59:11.992Z] > git remote --verbose [1ms]
[2022-06-23T00:59:11.997Z] > git config --get commit.template [0ms]
