[2022-06-16T02:50:42.297Z] Log level: Info
[2022-06-16T02:50:42.299Z] [info] Validating found git in: git
[2022-06-16T02:50:42.309Z] [info] Using git 2.36.1 from git
[2022-06-16T02:50:42.323Z] > git rev-parse --show-toplevel [4ms]
[2022-06-16T02:50:42.334Z] > git rev-parse --git-dir --git-common-dir [4ms]
[2022-06-16T02:50:42.340Z] [info] Open repository: /home/thomas/source/LinqTesting
[2022-06-16T02:50:42.867Z] > git check-ignore -v -z --stdin [1ms]
[2022-06-16T02:50:42.950Z] > git status -z -uall [603ms]
[2022-06-16T02:50:42.954Z] > git symbolic-ref --short HEAD [1ms]
[2022-06-16T02:50:42.963Z] > git for-each-ref --format=%(refname)%00%(upstream:short)%00%(objectname)%00%(upstream:track)%00%(upstream:remotename)%00%(upstream:remoteref) refs/heads/main refs/remotes/main [3ms]
[2022-06-16T02:50:42.972Z] > git remote --verbose [2ms]
[2022-06-16T02:50:42.972Z] > git for-each-ref --sort -committerdate --format %(refname) %(objectname) %(*objectname) [6ms]
[2022-06-16T02:50:42.985Z] > git config --get commit.template [0ms]
[2022-06-16T02:51:09.368Z] > git show --textconv :Benchmarks.cs [7ms]
[2022-06-16T02:51:09.370Z] > git ls-files --stage -- /home/thomas/source/LinqTesting/Benchmarks.cs [3ms]
[2022-06-16T02:51:09.380Z] > git cat-file -s 156ea71c250ec7a1c84a946e17ad011626b48ee4 [1ms]
[2022-06-16T02:51:43.847Z] > git status -z -uall [551ms]
[2022-06-16T02:51:43.876Z] > git symbolic-ref --short HEAD [22ms]
[2022-06-16T02:51:43.883Z] > git for-each-ref --format=%(refname)%00%(upstream:short)%00%(objectname)%00%(upstream:track)%00%(upstream:remotename)%00%(upstream:remoteref) refs/heads/main refs/remotes/main [1ms]
[2022-06-16T02:51:43.899Z] > git for-each-ref --sort -committerdate --format %(refname) %(objectname) %(*objectname) [8ms]
[2022-06-16T02:51:43.900Z] > git remote --verbose [2ms]
[2022-06-16T02:51:43.914Z] > git config --get commit.template [1ms]
[2022-06-16T02:53:17.635Z] > git show --textconv :SampleData.cs [7ms]
[2022-06-16T02:53:17.636Z] > git ls-files --stage -- /home/thomas/source/LinqTesting/SampleData.cs [2ms]
[2022-06-16T02:53:17.644Z] > git cat-file -s 14f2a050597171bea71d9b617ba448206b93b3f8 [2ms]
[2022-06-16T02:53:20.095Z] > git show --textconv :Benchmarks.cs [8ms]
[2022-06-16T02:53:20.097Z] > git ls-files --stage -- /home/thomas/source/LinqTesting/Benchmarks.cs [4ms]
[2022-06-16T02:53:20.107Z] > git cat-file -s 156ea71c250ec7a1c84a946e17ad011626b48ee4 [2ms]
[2022-06-16T02:53:38.387Z] > git status -z -uall [367ms]
[2022-06-16T02:53:38.394Z] > git symbolic-ref --short HEAD [2ms]
[2022-06-16T02:53:38.402Z] > git for-each-ref --format=%(refname)%00%(upstream:short)%00%(objectname)%00%(upstream:track)%00%(upstream:remotename)%00%(upstream:remoteref) refs/heads/main refs/remotes/main [1ms]
[2022-06-16T02:53:38.416Z] > git remote --verbose [3ms]
[2022-06-16T02:53:38.417Z] > git for-each-ref --sort -committerdate --format %(refname) %(objectname) %(*objectname) [10ms]
[2022-06-16T02:53:38.428Z] > git config --get commit.template [2ms]
[2022-06-16T02:53:55.706Z] > git status -z -uall [310ms]
[2022-06-16T02:53:55.715Z] > git symbolic-ref --short HEAD [2ms]
[2022-06-16T02:53:55.720Z] > git for-each-ref --format=%(refname)%00%(upstream:short)%00%(objectname)%00%(upstream:track)%00%(upstream:remotename)%00%(upstream:remoteref) refs/heads/main refs/remotes/main [1ms]
[2022-06-16T02:53:55.729Z] > git for-each-ref --sort -committerdate --format %(refname) %(objectname) %(*objectname) [5ms]
[2022-06-16T02:53:55.730Z] > git remote --verbose [2ms]
[2022-06-16T02:53:55.739Z] > git config --get commit.template [1ms]
[2022-06-16T02:54:01.106Z] > git status -z -uall [361ms]
[2022-06-16T02:54:01.112Z] > git symbolic-ref --short HEAD [1ms]
[2022-06-16T02:54:01.118Z] > git for-each-ref --format=%(refname)%00%(upstream:short)%00%(objectname)%00%(upstream:track)%00%(upstream:remotename)%00%(upstream:remoteref) refs/heads/main refs/remotes/main [1ms]
[2022-06-16T02:54:01.128Z] > git for-each-ref --sort -committerdate --format %(refname) %(objectname) %(*objectname) [6ms]
[2022-06-16T02:54:01.128Z] > git remote --verbose [1ms]
[2022-06-16T02:54:01.136Z] > git config --get commit.template [1ms]
[2022-06-16T02:54:06.487Z] > git status -z -uall [346ms]
[2022-06-16T02:54:06.492Z] > git symbolic-ref --short HEAD [1ms]
[2022-06-16T02:54:06.498Z] > git for-each-ref --format=%(refname)%00%(upstream:short)%00%(objectname)%00%(upstream:track)%00%(upstream:remotename)%00%(upstream:remoteref) refs/heads/main refs/remotes/main [1ms]
[2022-06-16T02:54:06.508Z] > git for-each-ref --sort -committerdate --format %(refname) %(objectname) %(*objectname) [5ms]
[2022-06-16T02:54:06.509Z] > git remote --verbose [1ms]
[2022-06-16T02:54:06.518Z] > git config --get commit.template [0ms]
[2022-06-16T02:54:27.501Z] > git status -z -uall [428ms]
[2022-06-16T02:54:27.508Z] > git symbolic-ref --short HEAD [2ms]
[2022-06-16T02:54:27.518Z] > git for-each-ref --format=%(refname)%00%(upstream:short)%00%(objectname)%00%(upstream:track)%00%(upstream:remotename)%00%(upstream:remoteref) refs/heads/main refs/remotes/main [2ms]
[2022-06-16T02:54:27.533Z] > git for-each-ref --sort -committerdate --format %(refname) %(objectname) %(*objectname) [10ms]
[2022-06-16T02:54:27.533Z] > git remote --verbose [2ms]
[2022-06-16T02:54:27.549Z] > git config --get commit.template [6ms]
[2022-06-16T02:54:32.899Z] > git status -z -uall [343ms]
[2022-06-16T02:54:32.905Z] > git symbolic-ref --short HEAD [1ms]
[2022-06-16T02:54:32.911Z] > git for-each-ref --format=%(refname)%00%(upstream:short)%00%(objectname)%00%(upstream:track)%00%(upstream:remotename)%00%(upstream:remoteref) refs/heads/main refs/remotes/main [1ms]
[2022-06-16T02:54:32.921Z] > git for-each-ref --sort -committerdate --format %(refname) %(objectname) %(*objectname) [5ms]
[2022-06-16T02:54:32.922Z] > git remote --verbose [2ms]
[2022-06-16T02:54:32.933Z] > git config --get commit.template [2ms]
[2022-06-16T02:54:38.304Z] > git status -z -uall [365ms]
[2022-06-16T02:54:38.309Z] > git symbolic-ref --short HEAD [1ms]
[2022-06-16T02:54:38.316Z] > git for-each-ref --format=%(refname)%00%(upstream:short)%00%(objectname)%00%(upstream:track)%00%(upstream:remotename)%00%(upstream:remoteref) refs/heads/main refs/remotes/main [2ms]
[2022-06-16T02:54:38.327Z] > git for-each-ref --sort -committerdate --format %(refname) %(objectname) %(*objectname) [7ms]
[2022-06-16T02:54:38.327Z] > git remote --verbose [1ms]
[2022-06-16T02:54:38.340Z] > git config --get commit.template [1ms]
[2022-06-16T02:54:43.693Z] > git status -z -uall [346ms]
[2022-06-16T02:54:43.700Z] > git symbolic-ref --short HEAD [1ms]
[2022-06-16T02:54:43.706Z] > git for-each-ref --format=%(refname)%00%(upstream:short)%00%(objectname)%00%(upstream:track)%00%(upstream:remotename)%00%(upstream:remoteref) refs/heads/main refs/remotes/main [1ms]
[2022-06-16T02:54:43.717Z] > git for-each-ref --sort -committerdate --format %(refname) %(objectname) %(*objectname) [6ms]
[2022-06-16T02:54:43.718Z] > git remote --verbose [2ms]
[2022-06-16T02:54:43.739Z] > git config --get commit.template [2ms]
[2022-06-16T02:55:19.744Z] > git status -z -uall [396ms]
[2022-06-16T02:55:19.753Z] > git symbolic-ref --short HEAD [1ms]
[2022-06-16T02:55:19.765Z] > git for-each-ref --format=%(refname)%00%(upstream:short)%00%(objectname)%00%(upstream:track)%00%(upstream:remotename)%00%(upstream:remoteref) refs/heads/main refs/remotes/main [3ms]
[2022-06-16T02:55:19.780Z] > git for-each-ref --sort -committerdate --format %(refname) %(objectname) %(*objectname) [8ms]
[2022-06-16T02:55:19.782Z] > git remote --verbose [2ms]
[2022-06-16T02:55:19.806Z] > git config --get commit.template [2ms]
[2022-06-16T02:55:35.581Z] > git status -z -uall [342ms]
[2022-06-16T02:55:35.587Z] > git symbolic-ref --short HEAD [1ms]
[2022-06-16T02:55:35.592Z] > git for-each-ref --format=%(refname)%00%(upstream:short)%00%(objectname)%00%(upstream:track)%00%(upstream:remotename)%00%(upstream:remoteref) refs/heads/main refs/remotes/main [1ms]
[2022-06-16T02:55:35.603Z] > git for-each-ref --sort -committerdate --format %(refname) %(objectname) %(*objectname) [6ms]
[2022-06-16T02:55:35.603Z] > git remote --verbose [1ms]
[2022-06-16T02:55:35.618Z] > git config --get commit.template [2ms]
[2022-06-16T02:56:21.738Z] > git status -z -uall [359ms]
[2022-06-16T02:56:21.744Z] > git symbolic-ref --short HEAD [1ms]
[2022-06-16T02:56:21.751Z] > git for-each-ref --format=%(refname)%00%(upstream:short)%00%(objectname)%00%(upstream:track)%00%(upstream:remotename)%00%(upstream:remoteref) refs/heads/main refs/remotes/main [1ms]
[2022-06-16T02:56:21.763Z] > git for-each-ref --sort -committerdate --format %(refname) %(objectname) %(*objectname) [7ms]
[2022-06-16T02:56:21.763Z] > git remote --verbose [1ms]
[2022-06-16T02:56:21.781Z] > git config --get commit.template [3ms]
[2022-06-16T02:56:48.509Z] > git status -z -uall [386ms]
[2022-06-16T02:56:48.516Z] > git symbolic-ref --short HEAD [1ms]
[2022-06-16T02:56:48.525Z] > git for-each-ref --format=%(refname)%00%(upstream:short)%00%(objectname)%00%(upstream:track)%00%(upstream:remotename)%00%(upstream:remoteref) refs/heads/main refs/remotes/main [1ms]
[2022-06-16T02:56:48.538Z] > git for-each-ref --sort -committerdate --format %(refname) %(objectname) %(*objectname) [7ms]
[2022-06-16T02:56:48.539Z] > git remote --verbose [2ms]
[2022-06-16T02:56:48.555Z] > git config --get commit.template [5ms]
[2022-06-16T02:57:40.960Z] > git status -z -uall [370ms]
[2022-06-16T02:57:40.966Z] > git symbolic-ref --short HEAD [1ms]
[2022-06-16T02:57:40.973Z] > git for-each-ref --format=%(refname)%00%(upstream:short)%00%(objectname)%00%(upstream:track)%00%(upstream:remotename)%00%(upstream:remoteref) refs/heads/main refs/remotes/main [1ms]
[2022-06-16T02:57:40.985Z] > git for-each-ref --sort -committerdate --format %(refname) %(objectname) %(*objectname) [7ms]
[2022-06-16T02:57:40.985Z] > git remote --verbose [1ms]
[2022-06-16T02:57:41.002Z] > git config --get commit.template [3ms]
[2022-06-16T02:58:22.905Z] > git status -z -uall [414ms]
[2022-06-16T02:58:22.914Z] > git symbolic-ref --short HEAD [1ms]
[2022-06-16T02:58:22.923Z] > git for-each-ref --format=%(refname)%00%(upstream:short)%00%(objectname)%00%(upstream:track)%00%(upstream:remotename)%00%(upstream:remoteref) refs/heads/main refs/remotes/main [0ms]
[2022-06-16T02:58:22.940Z] > git for-each-ref --sort -committerdate --format %(refname) %(objectname) %(*objectname) [11ms]
[2022-06-16T02:58:22.940Z] > git remote --verbose [2ms]
[2022-06-16T02:58:22.958Z] > git config --get commit.template [1ms]
[2022-06-16T02:58:35.718Z] > git status -z -uall [334ms]
[2022-06-16T02:58:35.724Z] > git symbolic-ref --short HEAD [1ms]
[2022-06-16T02:58:35.730Z] > git for-each-ref --format=%(refname)%00%(upstream:short)%00%(objectname)%00%(upstream:track)%00%(upstream:remotename)%00%(upstream:remoteref) refs/heads/main refs/remotes/main [1ms]
[2022-06-16T02:58:35.740Z] > git for-each-ref --sort -committerdate --format %(refname) %(objectname) %(*objectname) [5ms]
[2022-06-16T02:58:35.740Z] > git remote --verbose [1ms]
[2022-06-16T02:58:35.754Z] > git config --get commit.template [2ms]
[2022-06-16T02:58:55.055Z] > git status -z -uall [304ms]
[2022-06-16T02:58:55.064Z] > git symbolic-ref --short HEAD [1ms]
[2022-06-16T02:58:55.071Z] > git for-each-ref --format=%(refname)%00%(upstream:short)%00%(objectname)%00%(upstream:track)%00%(upstream:remotename)%00%(upstream:remoteref) refs/heads/main refs/remotes/main [1ms]
[2022-06-16T02:58:55.082Z] > git for-each-ref --sort -committerdate --format %(refname) %(objectname) %(*objectname) [5ms]
[2022-06-16T02:58:55.083Z] > git remote --verbose [1ms]
[2022-06-16T02:58:55.096Z] > git config --get commit.template [3ms]
[2022-06-16T02:59:19.899Z] > git status -z -uall [366ms]
[2022-06-16T02:59:19.904Z] > git symbolic-ref --short HEAD [1ms]
[2022-06-16T02:59:19.913Z] > git for-each-ref --format=%(refname)%00%(upstream:short)%00%(objectname)%00%(upstream:track)%00%(upstream:remotename)%00%(upstream:remoteref) refs/heads/main refs/remotes/main [2ms]
[2022-06-16T02:59:19.923Z] > git for-each-ref --sort -committerdate --format %(refname) %(objectname) %(*objectname) [5ms]
[2022-06-16T02:59:19.924Z] > git remote --verbose [1ms]
[2022-06-16T02:59:19.937Z] > git config --get commit.template [2ms]
[2022-06-16T02:59:26.269Z] > git status -z -uall [303ms]
[2022-06-16T02:59:26.277Z] > git symbolic-ref --short HEAD [1ms]
[2022-06-16T02:59:26.285Z] > git for-each-ref --format=%(refname)%00%(upstream:short)%00%(objectname)%00%(upstream:track)%00%(upstream:remotename)%00%(upstream:remoteref) refs/heads/main refs/remotes/main [2ms]
[2022-06-16T02:59:26.296Z] > git for-each-ref --sort -committerdate --format %(refname) %(objectname) %(*objectname) [7ms]
[2022-06-16T02:59:26.296Z] > git remote --verbose [1ms]
[2022-06-16T02:59:26.305Z] > git config --get commit.template [1ms]
[2022-06-16T02:59:31.807Z] > git status -z -uall [494ms]
[2022-06-16T02:59:31.814Z] > git symbolic-ref --short HEAD [1ms]
[2022-06-16T02:59:31.821Z] > git for-each-ref --format=%(refname)%00%(upstream:short)%00%(objectname)%00%(upstream:track)%00%(upstream:remotename)%00%(upstream:remoteref) refs/heads/main refs/remotes/main [1ms]
[2022-06-16T02:59:31.833Z] > git for-each-ref --sort -committerdate --format %(refname) %(objectname) %(*objectname) [6ms]
[2022-06-16T02:59:31.833Z] > git remote --verbose [1ms]
[2022-06-16T02:59:31.845Z] > git config --get commit.template [1ms]
[2022-06-16T02:59:37.197Z] > git status -z -uall [346ms]
[2022-06-16T02:59:37.204Z] > git symbolic-ref --short HEAD [1ms]
[2022-06-16T02:59:37.210Z] > git for-each-ref --format=%(refname)%00%(upstream:short)%00%(objectname)%00%(upstream:track)%00%(upstream:remotename)%00%(upstream:remoteref) refs/heads/main refs/remotes/main [1ms]
[2022-06-16T02:59:37.222Z] > git for-each-ref --sort -committerdate --format %(refname) %(objectname) %(*objectname) [6ms]
[2022-06-16T02:59:37.222Z] > git remote --verbose [1ms]
[2022-06-16T02:59:37.240Z] > git config --get commit.template [4ms]
[2022-06-16T03:00:12.905Z] > git status -z -uall [363ms]
[2022-06-16T03:00:12.912Z] > git symbolic-ref --short HEAD [1ms]
[2022-06-16T03:00:12.918Z] > git for-each-ref --format=%(refname)%00%(upstream:short)%00%(objectname)%00%(upstream:track)%00%(upstream:remotename)%00%(upstream:remoteref) refs/heads/main refs/remotes/main [1ms]
[2022-06-16T03:00:12.930Z] > git remote --verbose [1ms]
[2022-06-16T03:00:12.931Z] > git for-each-ref --sort -committerdate --format %(refname) %(objectname) %(*objectname) [8ms]
[2022-06-16T03:00:12.944Z] > git config --get commit.template [4ms]
[2022-06-16T03:00:35.488Z] > git status -z -uall [345ms]
[2022-06-16T03:00:35.495Z] > git symbolic-ref --short HEAD [1ms]
[2022-06-16T03:00:35.503Z] > git for-each-ref --format=%(refname)%00%(upstream:short)%00%(objectname)%00%(upstream:track)%00%(upstream:remotename)%00%(upstream:remoteref) refs/heads/main refs/remotes/main [2ms]
[2022-06-16T03:00:35.515Z] > git for-each-ref --sort -committerdate --format %(refname) %(objectname) %(*objectname) [7ms]
[2022-06-16T03:00:35.515Z] > git remote --verbose [1ms]
[2022-06-16T03:00:35.528Z] > git config --get commit.template [4ms]
[2022-06-16T03:01:07.966Z] > git status -z -uall [357ms]
[2022-06-16T03:01:07.974Z] > git symbolic-ref --short HEAD [2ms]
[2022-06-16T03:01:07.981Z] > git for-each-ref --format=%(refname)%00%(upstream:short)%00%(objectname)%00%(upstream:track)%00%(upstream:remotename)%00%(upstream:remoteref) refs/heads/main refs/remotes/main [1ms]
[2022-06-16T03:01:07.996Z] > git for-each-ref --sort -committerdate --format %(refname) %(objectname) %(*objectname) [9ms]
[2022-06-16T03:01:07.996Z] > git remote --verbose [2ms]
[2022-06-16T03:01:08.014Z] > git config --get commit.template [1ms]
[2022-06-16T03:01:27.058Z] > git status -z -uall [341ms]
[2022-06-16T03:01:27.065Z] > git symbolic-ref --short HEAD [1ms]
[2022-06-16T03:01:27.072Z] > git for-each-ref --format=%(refname)%00%(upstream:short)%00%(objectname)%00%(upstream:track)%00%(upstream:remotename)%00%(upstream:remoteref) refs/heads/main refs/remotes/main [1ms]
[2022-06-16T03:01:27.083Z] > git for-each-ref --sort -committerdate --format %(refname) %(objectname) %(*objectname) [6ms]
[2022-06-16T03:01:27.084Z] > git remote --verbose [1ms]
[2022-06-16T03:01:27.100Z] > git config --get commit.template [3ms]
[2022-06-16T03:02:05.920Z] > git status -z -uall [304ms]
[2022-06-16T03:02:05.929Z] > git symbolic-ref --short HEAD [2ms]
[2022-06-16T03:02:05.937Z] > git for-each-ref --format=%(refname)%00%(upstream:short)%00%(objectname)%00%(upstream:track)%00%(upstream:remotename)%00%(upstream:remoteref) refs/heads/main refs/remotes/main [2ms]
[2022-06-16T03:02:05.946Z] > git for-each-ref --sort -committerdate --format %(refname) %(objectname) %(*objectname) [5ms]
[2022-06-16T03:02:05.946Z] > git remote --verbose [1ms]
[2022-06-16T03:02:05.958Z] > git config --get commit.template [3ms]
[2022-06-16T03:04:14.882Z] > git status -z -uall [354ms]
[2022-06-16T03:04:14.889Z] > git symbolic-ref --short HEAD [1ms]
[2022-06-16T03:04:14.894Z] > git for-each-ref --format=%(refname)%00%(upstream:short)%00%(objectname)%00%(upstream:track)%00%(upstream:remotename)%00%(upstream:remoteref) refs/heads/main refs/remotes/main [1ms]
[2022-06-16T03:04:14.907Z] > git for-each-ref --sort -committerdate --format %(refname) %(objectname) %(*objectname) [6ms]
[2022-06-16T03:04:14.907Z] > git remote --verbose [1ms]
[2022-06-16T03:04:14.924Z] > git config --get commit.template [3ms]
[2022-06-16T03:04:23.062Z] > git status -z -uall [16ms]
[2022-06-16T03:04:23.069Z] > git symbolic-ref --short HEAD [1ms]
[2022-06-16T03:04:23.075Z] > git for-each-ref --format=%(refname)%00%(upstream:short)%00%(objectname)%00%(upstream:track)%00%(upstream:remotename)%00%(upstream:remoteref) refs/heads/main refs/remotes/main [1ms]
[2022-06-16T03:04:23.086Z] > git for-each-ref --sort -committerdate --format %(refname) %(objectname) %(*objectname) [6ms]
[2022-06-16T03:04:23.086Z] > git remote --verbose [1ms]
[2022-06-16T03:04:23.097Z] > git config --get commit.template [1ms]
[2022-06-16T03:04:23.140Z] > git ls-files --stage -- /home/thomas/source/LinqTesting/Benchmarks.cs [1ms]
[2022-06-16T03:04:23.145Z] > git cat-file -s f79fe3e431d036cc3f5e47db922a74bb866d5513 [1ms]
[2022-06-16T03:04:23.155Z] > git show --textconv :Benchmarks.cs [2ms]
[2022-06-16T03:04:28.733Z] > git status -z -uall [7ms]
[2022-06-16T03:04:28.739Z] > git symbolic-ref --short HEAD [1ms]
[2022-06-16T03:04:28.745Z] > git for-each-ref --format=%(refname)%00%(upstream:short)%00%(objectname)%00%(upstream:track)%00%(upstream:remotename)%00%(upstream:remoteref) refs/heads/main refs/remotes/main [1ms]
[2022-06-16T03:04:28.756Z] > git for-each-ref --sort -committerdate --format %(refname) %(objectname) %(*objectname) [6ms]
[2022-06-16T03:04:28.756Z] > git remote --verbose [1ms]
[2022-06-16T03:04:28.768Z] > git config --get commit.template [2ms]
[2022-06-16T03:04:39.127Z] > git status -z -uall [6ms]
[2022-06-16T03:04:39.133Z] > git symbolic-ref --short HEAD [1ms]
[2022-06-16T03:04:39.140Z] > git for-each-ref --format=%(refname)%00%(upstream:short)%00%(objectname)%00%(upstream:track)%00%(upstream:remotename)%00%(upstream:remoteref) refs/heads/main refs/remotes/main [2ms]
[2022-06-16T03:04:39.150Z] > git for-each-ref --sort -committerdate --format %(refname) %(objectname) %(*objectname) [5ms]
[2022-06-16T03:04:39.151Z] > git remote --verbose [2ms]
[2022-06-16T03:04:39.159Z] > git config --get commit.template [1ms]
[2022-06-16T03:04:39.220Z] > git ls-files --stage -- /home/thomas/source/LinqTesting/Benchmarks.cs [1ms]
[2022-06-16T03:04:39.226Z] > git cat-file -s f79fe3e431d036cc3f5e47db922a74bb866d5513 [1ms]
[2022-06-16T03:04:39.236Z] > git show --textconv :Benchmarks.cs [2ms]
[2022-06-16T03:04:48.402Z] > git status -z -uall [4ms]
[2022-06-16T03:04:48.408Z] > git symbolic-ref --short HEAD [1ms]
[2022-06-16T03:04:48.415Z] > git for-each-ref --format=%(refname)%00%(upstream:short)%00%(objectname)%00%(upstream:track)%00%(upstream:remotename)%00%(upstream:remoteref) refs/heads/main refs/remotes/main [2ms]
[2022-06-16T03:04:48.425Z] > git for-each-ref --sort -committerdate --format %(refname) %(objectname) %(*objectname) [6ms]
[2022-06-16T03:04:48.425Z] > git remote --verbose [1ms]
[2022-06-16T03:04:48.434Z] > git config --get commit.template [1ms]
[2022-06-16T03:04:48.502Z] > git ls-files --stage -- /home/thomas/source/LinqTesting/Benchmarks.cs [1ms]
[2022-06-16T03:04:48.507Z] > git cat-file -s f79fe3e431d036cc3f5e47db922a74bb866d5513 [1ms]
[2022-06-16T03:04:48.516Z] > git show --textconv :Benchmarks.cs [1ms]
[2022-06-16T03:04:55.174Z] > git status -z -uall [5ms]
[2022-06-16T03:04:55.180Z] > git symbolic-ref --short HEAD [1ms]
[2022-06-16T03:04:55.187Z] > git for-each-ref --format=%(refname)%00%(upstream:short)%00%(objectname)%00%(upstream:track)%00%(upstream:remotename)%00%(upstream:remoteref) refs/heads/main refs/remotes/main [2ms]
[2022-06-16T03:04:55.197Z] > git for-each-ref --sort -committerdate --format %(refname) %(objectname) %(*objectname) [5ms]
[2022-06-16T03:04:55.197Z] > git remote --verbose [1ms]
[2022-06-16T03:04:55.206Z] > git config --get commit.template [1ms]
[2022-06-16T03:04:55.265Z] > git ls-files --stage -- /home/thomas/source/LinqTesting/Benchmarks.cs [1ms]
[2022-06-16T03:04:55.271Z] > git cat-file -s f79fe3e431d036cc3f5e47db922a74bb866d5513 [1ms]
[2022-06-16T03:04:55.281Z] > git show --textconv :Benchmarks.cs [2ms]
